<?xml version="1.0" encoding="UTF-8"?>
<testsuite xmlns:xsi="http://www.w3.org/2001/XMLSchema-instance" xsi:noNamespaceSchemaLocation="https://maven.apache.org/surefire/maven-surefire-plugin/xsd/surefire-test-report.xsd" name="hu.me.KeresFeldolgozoTest" time="0.382" tests="6" errors="0" skipped="0" failures="0">
  <properties>
    <property name="sun.desktop" value="gnome"/>
    <property name="awt.toolkit" value="sun.awt.X11.XToolkit"/>
    <property name="file.encoding.pkg" value="sun.io"/>
    <property name="java.specification.version" value="1.8"/>
    <property name="sun.cpu.isalist" value=""/>
    <property name="sun.jnu.encoding" value="UTF-8"/>
    <property name="java.class.path" value="/home/toth135/Asztal/logika_teszt/kapcsolattarto/target/test-classes:/home/toth135/Asztal/logika_teszt/kapcsolattarto/target/classes:/home/toth135/.m2/repository/junit/junit/4.12/junit-4.12.jar:/home/toth135/.m2/repository/org/hamcrest/hamcrest-core/1.3/hamcrest-core-1.3.jar:/home/toth135/.m2/repository/org/hamcrest/hamcrest-all/1.3/hamcrest-all-1.3.jar:/home/toth135/Asztal/logika_teszt/logika-interface/target/logika-interface-0.0.1-SNAPSHOT.jar:/home/toth135/.m2/repository/org/mockito/mockito-core/2.20.0/mockito-core-2.20.0.jar:/home/toth135/.m2/repository/net/bytebuddy/byte-buddy/1.8.13/byte-buddy-1.8.13.jar:/home/toth135/.m2/repository/net/bytebuddy/byte-buddy-agent/1.8.13/byte-buddy-agent-1.8.13.jar:/home/toth135/.m2/repository/org/objenesis/objenesis/2.6/objenesis-2.6.jar:"/>
    <property name="java.vm.vendor" value="Oracle Corporation"/>
    <property name="sun.arch.data.model" value="64"/>
    <property name="java.vendor.url" value="http://java.oracle.com/"/>
    <property name="user.timezone" value=""/>
    <property name="java.vm.specification.version" value="1.8"/>
    <property name="os.name" value="Linux"/>
    <property name="user.country" value="HU"/>
    <property name="sun.java.launcher" value="SUN_STANDARD"/>
    <property name="sun.boot.library.path" value="/usr/lib/jvm/java-8-openjdk-amd64/jre/lib/amd64"/>
    <property name="sun.java.command" value="/home/toth135/Asztal/logika_teszt/kapcsolattarto/target/surefire/surefirebooter2532579738528396804.jar /home/toth135/Asztal/logika_teszt/kapcsolattarto/target/surefire 2019-03-18T16-18-19_364-jvmRun1 surefire387369976701641180tmp surefire_16303485313406071400tmp"/>
    <property name="surefire.test.class.path" value="/home/toth135/Asztal/logika_teszt/kapcsolattarto/target/test-classes:/home/toth135/Asztal/logika_teszt/kapcsolattarto/target/classes:/home/toth135/.m2/repository/junit/junit/4.12/junit-4.12.jar:/home/toth135/.m2/repository/org/hamcrest/hamcrest-core/1.3/hamcrest-core-1.3.jar:/home/toth135/.m2/repository/org/hamcrest/hamcrest-all/1.3/hamcrest-all-1.3.jar:/home/toth135/Asztal/logika_teszt/logika-interface/target/logika-interface-0.0.1-SNAPSHOT.jar:/home/toth135/.m2/repository/org/mockito/mockito-core/2.20.0/mockito-core-2.20.0.jar:/home/toth135/.m2/repository/net/bytebuddy/byte-buddy/1.8.13/byte-buddy-1.8.13.jar:/home/toth135/.m2/repository/net/bytebuddy/byte-buddy-agent/1.8.13/byte-buddy-agent-1.8.13.jar:/home/toth135/.m2/repository/org/objenesis/objenesis/2.6/objenesis-2.6.jar:"/>
    <property name="sun.cpu.endian" value="little"/>
    <property name="user.home" value="/home/toth135"/>
    <property name="user.language" value="hu"/>
    <property name="java.specification.vendor" value="Oracle Corporation"/>
    <property name="java.home" value="/usr/lib/jvm/java-8-openjdk-amd64/jre"/>
    <property name="basedir" value="/home/toth135/Asztal/logika_teszt/kapcsolattarto"/>
    <property name="file.separator" value="/"/>
    <property name="line.separator" value="&#10;"/>
    <property name="java.vm.specification.vendor" value="Oracle Corporation"/>
    <property name="java.specification.name" value="Java Platform API Specification"/>
    <property name="java.awt.graphicsenv" value="sun.awt.X11GraphicsEnvironment"/>
    <property name="surefire.real.class.path" value="/home/toth135/Asztal/logika_teszt/kapcsolattarto/target/surefire/surefirebooter2532579738528396804.jar"/>
    <property name="sun.boot.class.path" value="/usr/lib/jvm/java-8-openjdk-amd64/jre/lib/resources.jar:/usr/lib/jvm/java-8-openjdk-amd64/jre/lib/rt.jar:/usr/lib/jvm/java-8-openjdk-amd64/jre/lib/sunrsasign.jar:/usr/lib/jvm/java-8-openjdk-amd64/jre/lib/jsse.jar:/usr/lib/jvm/java-8-openjdk-amd64/jre/lib/jce.jar:/usr/lib/jvm/java-8-openjdk-amd64/jre/lib/charsets.jar:/usr/lib/jvm/java-8-openjdk-amd64/jre/lib/jfr.jar:/usr/lib/jvm/java-8-openjdk-amd64/jre/classes"/>
    <property name="sun.management.compiler" value="HotSpot 64-Bit Tiered Compilers"/>
    <property name="java.runtime.version" value="1.8.0_191-8u191-b12-2ubuntu0.18.04.1-b12"/>
    <property name="user.name" value="toth135"/>
    <property name="path.separator" value=":"/>
    <property name="os.version" value="4.15.0-46-generic"/>
    <property name="java.endorsed.dirs" value="/usr/lib/jvm/java-8-openjdk-amd64/jre/lib/endorsed"/>
    <property name="java.runtime.name" value="OpenJDK Runtime Environment"/>
    <property name="file.encoding" value="UTF-8"/>
    <property name="java.vm.name" value="OpenJDK 64-Bit Server VM"/>
    <property name="localRepository" value="/home/toth135/.m2/repository"/>
    <property name="java.vendor.url.bug" value="http://bugreport.sun.com/bugreport/"/>
    <property name="java.io.tmpdir" value="/tmp"/>
    <property name="idea.version" value="2018.3"/>
    <property name="java.version" value="1.8.0_191"/>
    <property name="user.dir" value="/home/toth135/Asztal/logika_teszt/kapcsolattarto"/>
    <property name="os.arch" value="amd64"/>
    <property name="java.vm.specification.name" value="Java Virtual Machine Specification"/>
    <property name="java.awt.printerjob" value="sun.print.PSPrinterJob"/>
    <property name="sun.os.patch.level" value="unknown"/>
    <property name="java.library.path" value="/usr/java/packages/lib/amd64:/usr/lib/x86_64-linux-gnu/jni:/lib/x86_64-linux-gnu:/usr/lib/x86_64-linux-gnu:/usr/lib/jni:/lib:/usr/lib"/>
    <property name="java.vm.info" value="mixed mode"/>
    <property name="java.vendor" value="Oracle Corporation"/>
    <property name="java.vm.version" value="25.191-b12"/>
    <property name="java.ext.dirs" value="/usr/lib/jvm/java-8-openjdk-amd64/jre/lib/ext:/usr/java/packages/lib/ext"/>
    <property name="sun.io.unicode.encoding" value="UnicodeLittle"/>
    <property name="java.class.version" value="52.0"/>
  </properties>
  <testcase name="feldolgoz_whenOsztas_thenGiveValidResult" classname="hu.me.KeresFeldolgozoTest" time="0.333"/>
  <testcase name="feldolgoz_whenEmptyOperator_thenGiveErrorString" classname="hu.me.KeresFeldolgozoTest" time="0"/>
  <testcase name="feldolgoz_whenNullInput_thenGiveErrorString" classname="hu.me.KeresFeldolgozoTest" time="0"/>
  <testcase name="feldolgoz_whenSzorzas_thenGiveValidResult" classname="hu.me.KeresFeldolgozoTest" time="0"/>
  <testcase name="feldolgoz_whenOsszeadas_thenGiveValidResult" classname="hu.me.KeresFeldolgozoTest" time="0"/>
  <testcase name="feldolgoz_whenKivonas_thenGiveValidResult" classname="hu.me.KeresFeldolgozoTest" time="0"/>
</testsuite>